<?xml version="1.0" encoding="UTF-8"?>
<!-- Generated by org.testng.reporters.JUnitXMLReporter -->
<testsuite ignored="0" hostname="SADEEP-DELL" failures="0" tests="7" name="testA" time="0.213" errors="0" timestamp="2023-01-04T12:42:04 IST">
  <testcase classname="p1.ClassA" name="tC001" time="0.022"/>
  <testcase classname="p1.ClassA" name="tC002" time="0.002"/>
  <testcase classname="p1.ClassA" name="tC003" time="0.002"/>
  <testcase classname="p2.ClassB" name="Testlogout" time="0.002"/>
  <testcase classname="p2.ClassB" name="tC004" time="0.002"/>
  <testcase classname="p2.ClassB" name="tC005" time="0.006"/>
  <testcase classname="p2.ClassB" name="tC006" time="0.01"/>
</testsuite> <!-- testA -->
