<?xml version="1.0" encoding="UTF-8"?>
<!-- Generated by org.testng.reporters.JUnitXMLReporter -->
<testsuite hostname="SADEEP-DELL" ignored="0" name="testA" tests="7" failures="0" timestamp="2023-01-04T12:49:13 IST" time="0.092" errors="0">
  <testcase name="tC001" time="0.007" classname="p1.ClassA"/>
  <testcase name="tC002" time="0.001" classname="p1.ClassA"/>
  <testcase name="tC003" time="0.0" classname="p1.ClassA"/>
  <testcase name="Testlogout" time="0.0" classname="p2.ClassB"/>
  <testcase name="tC004" time="0.001" classname="p2.ClassB"/>
  <testcase name="tC005" time="0.0" classname="p2.ClassB"/>
  <testcase name="tC006" time="0.001" classname="p2.ClassB"/>
</testsuite> <!-- testA -->
