<?xml version="1.0" encoding="UTF-8"?>
<testng-results skipped="0" failed="0" ignored="0" total="7" passed="7">
  <reporter-output>
    <line>
      <![CDATA[tc001 is executed successful]]>
    </line>
    <line>
      <![CDATA[tc002 is executed successful]]>
    </line>
    <line>
      <![CDATA[tc003 is executed successful]]>
    </line>
    <line>
      <![CDATA[Testlogout successfull]]>
    </line>
    <line>
      <![CDATA[tc004 is executed successfull]]>
    </line>
    <line>
      <![CDATA[tc005 is executed successfull]]>
    </line>
    <line>
      <![CDATA[tc006 is executed successfull]]>
    </line>
  </reporter-output>
  <suite name="default suite" duration-ms="92" started-at="2023-01-04T12:49:13 IST" finished-at="2023-01-04T12:49:13 IST">
    <groups>
    </groups>
    <test name="testA" duration-ms="92" started-at="2023-01-04T12:49:13 IST" finished-at="2023-01-04T12:49:13 IST">
      <class name="p2.ClassB">
        <test-method status="PASS" signature="Testlogout()[pri:0, instance:p2.ClassB@79be0360]" name="Testlogout" duration-ms="0" started-at="2023-01-04T12:49:13 IST" finished-at="2023-01-04T12:49:13 IST">
          <reporter-output>
            <line>
              <![CDATA[Testlogout successfull]]>
            </line>
          </reporter-output>
        </test-method> <!-- Testlogout -->
        <test-method status="PASS" signature="tC004()[pri:0, instance:p2.ClassB@79be0360]" name="tC004" duration-ms="1" started-at="2023-01-04T12:49:13 IST" finished-at="2023-01-04T12:49:13 IST">
          <reporter-output>
            <line>
              <![CDATA[tc004 is executed successfull]]>
            </line>
          </reporter-output>
        </test-method> <!-- tC004 -->
        <test-method status="PASS" signature="tC005()[pri:0, instance:p2.ClassB@79be0360]" name="tC005" duration-ms="0" started-at="2023-01-04T12:49:13 IST" finished-at="2023-01-04T12:49:13 IST">
          <reporter-output>
            <line>
              <![CDATA[tc005 is executed successfull]]>
            </line>
          </reporter-output>
        </test-method> <!-- tC005 -->
        <test-method status="PASS" signature="tC006()[pri:0, instance:p2.ClassB@79be0360]" name="tC006" duration-ms="1" started-at="2023-01-04T12:49:13 IST" finished-at="2023-01-04T12:49:13 IST">
          <reporter-output>
            <line>
              <![CDATA[tc006 is executed successfull]]>
            </line>
          </reporter-output>
        </test-method> <!-- tC006 -->
      </class> <!-- p2.ClassB -->
      <class name="p1.ClassA">
        <test-method status="PASS" signature="tC001()[pri:0, instance:p1.ClassA@35d176f7]" name="tC001" duration-ms="7" started-at="2023-01-04T12:49:13 IST" finished-at="2023-01-04T12:49:13 IST">
          <reporter-output>
            <line>
              <![CDATA[tc001 is executed successful]]>
            </line>
          </reporter-output>
        </test-method> <!-- tC001 -->
        <test-method status="PASS" signature="tC002()[pri:0, instance:p1.ClassA@35d176f7]" name="tC002" duration-ms="1" started-at="2023-01-04T12:49:13 IST" finished-at="2023-01-04T12:49:13 IST">
          <reporter-output>
            <line>
              <![CDATA[tc002 is executed successful]]>
            </line>
          </reporter-output>
        </test-method> <!-- tC002 -->
        <test-method status="PASS" signature="tC003()[pri:0, instance:p1.ClassA@35d176f7]" name="tC003" duration-ms="0" started-at="2023-01-04T12:49:13 IST" finished-at="2023-01-04T12:49:13 IST">
          <reporter-output>
            <line>
              <![CDATA[tc003 is executed successful]]>
            </line>
          </reporter-output>
        </test-method> <!-- tC003 -->
      </class> <!-- p1.ClassA -->
    </test> <!-- testA -->
  </suite> <!-- default suite -->
</testng-results>
